Compiled jquery.js  (13ms)  (pid 4500)
Compiled jquery_ujs.js  (1ms)  (pid 4500)
Compiled registration.js  (2688ms)  (pid 4500)
Compiled application.js  (3101ms)  (pid 4500)
Compiled registration.css  (363ms)  (pid 4500)
Compiled application.css  (406ms)  (pid 4500)
Compiled jquery.js  (7ms)  (pid 4500)
Compiled jquery_ujs.js  (0ms)  (pid 4500)
Compiled registration.js  (884ms)  (pid 4500)
Compiled application.js  (1048ms)  (pid 4500)
Compiled registration.css  (271ms)  (pid 4500)
Compiled application.css  (314ms)  (pid 4500)
Compiled jquery.js  (30ms)  (pid 2324)
Compiled jquery_ujs.js  (0ms)  (pid 2324)
Compiled registration.js  (1394ms)  (pid 2324)
Compiled application.js  (1517ms)  (pid 2324)
Compiled registration.css  (242ms)  (pid 2324)
Compiled application.css  (257ms)  (pid 2324)
Compiled jquery.js  (45ms)  (pid 2324)
Compiled jquery_ujs.js  (0ms)  (pid 2324)
Compiled registration.js  (395ms)  (pid 2324)
Compiled application.js  (494ms)  (pid 2324)
Compiled registration.css  (118ms)  (pid 2324)
Compiled application.css  (132ms)  (pid 2324)
